<?xml version="1.0" encoding="UTF-8"?>
<!-- Generated by org.testng.reporters.JUnitXMLReporter -->
<testsuite hostname="ZC025-A51E-1491" tests="6" failures="0" timestamp="6 May 2024 13:59:25 GMT" time="0.01" errors="0">
  <testcase name="irin" time="0.001" classname="day3"/>
  <testcase name="irin" time="0.001" classname="day3"/>
  <testcase name="abhijith" time="0.001" classname="day3"/>
  <testcase name="anandhu" time="0.001" classname="day4"/>
  <testcase name="anvar" time="0.001" classname="day4"/>
  <testcase name="parameterExample" time="0.001" classname="day4"/>
</testsuite>
