<?xml version="1.0" encoding="UTF-8"?>
<testsuite xmlns:xsi="http://www.w3.org/2001/XMLSchema-instance" xsi:noNamespaceSchemaLocation="https://maven.apache.org/surefire/maven-surefire-plugin/xsd/surefire-test-report-3.0.xsd" version="3.0" name="TestSuite" time="27.4" tests="4" errors="0" skipped="0" failures="0">
  <properties>
[...]
</properties>
  <testcase name="EcomerceAppNegative" classname="E2ETesting.EcomerceApp.EcomerceAppTC2" time="0.407">
    <system-out><![CDATA[edge
]]></system-out>
    <system-err><![CDATA[Starting Microsoft Edge WebDriver 125.0.2535.92 (d2d4746171db016dca5f4d42bb86454ce4c16da3) on port 45210
To submit feedback, report a bug, or suggest new features, please visit https://github.com/MicrosoftEdge/EdgeWebDriver

Only local connections are allowed.
Please see https://aka.ms/WebDriverSecurity for suggestions on keeping Microsoft Edge WebDriver safe.

Microsoft Edge WebDriver was started successfully.
Jun 11, 2024 1:03:09 AM org.openqa.selenium.remote.ProtocolHandshake createSession
INFO: Detected dialect: W3C
]]></system-err>
  </testcase>
  <testcase name="EcomerceAppPositive" classname="E2ETesting.EcomerceApp.EcomerceAppTC3" time="2.503">
    <system-out><![CDATA[edge
ZARA COAT 3
]]></system-out>
    <system-err><![CDATA[Starting Microsoft Edge WebDriver 125.0.2535.92 (d2d4746171db016dca5f4d42bb86454ce4c16da3) on port 50311
To submit feedback, report a bug, or suggest new features, please visit https://github.com/MicrosoftEdge/EdgeWebDriver

Only local connections are allowed.
Please see https://aka.ms/WebDriverSecurity for suggestions on keeping Microsoft Edge WebDriver safe.

Microsoft Edge WebDriver was started successfully.
Jun 11, 2024 1:03:14 AM org.openqa.selenium.remote.ProtocolHandshake createSession
INFO: Detected dialect: W3C
]]></system-err>
  </testcase>
  <testcase name="EcomerceAppPositive[{uname=nanthuvt@gmail.com, pwd=Rahulshetty1!, product=ZARA COAT 3}](1)" classname="E2ETesting.EcomerceApp.EcomerceApp" time="3.767">
    <system-out><![CDATA[edge
ZARA COAT 3
]]></system-out>
    <system-err><![CDATA[Starting Microsoft Edge WebDriver 125.0.2535.92 (d2d4746171db016dca5f4d42bb86454ce4c16da3) on port 46251
To submit feedback, report a bug, or suggest new features, please visit https://github.com/MicrosoftEdge/EdgeWebDriver

Only local connections are allowed.
Please see https://aka.ms/WebDriverSecurity for suggestions on keeping Microsoft Edge WebDriver safe.

Microsoft Edge WebDriver was started successfully.
Jun 11, 2024 1:03:21 AM org.openqa.selenium.remote.ProtocolHandshake createSession
INFO: Detected dialect: W3C
]]></system-err>
  </testcase>
  <testcase name="EcomerceAppPositive[{uname=nanthuvt@gmail.com, pwd=Rahulshetty1!, product=ADIDAS ORIGINAL}](2)" classname="E2ETesting.EcomerceApp.EcomerceApp" time="3.536">
    <system-out><![CDATA[edge
ZARA COAT 3
]]></system-out>
    <system-err><![CDATA[Starting Microsoft Edge WebDriver 125.0.2535.92 (d2d4746171db016dca5f4d42bb86454ce4c16da3) on port 18192
To submit feedback, report a bug, or suggest new features, please visit https://github.com/MicrosoftEdge/EdgeWebDriver

Only local connections are allowed.
Please see https://aka.ms/WebDriverSecurity for suggestions on keeping Microsoft Edge WebDriver safe.

Microsoft Edge WebDriver was started successfully.
Jun 11, 2024 1:03:29 AM org.openqa.selenium.remote.ProtocolHandshake createSession
INFO: Detected dialect: W3C
]]></system-err>
  </testcase>
</testsuite>